# JRE version: OpenJDK Runtime Environment (8.0_152-b01) (build 1.8.0_152-release-1248-b01)
# Java VM: OpenJDK 64-Bit Server VM (25.152-b01 mixed mode windows-amd64 compressed oops)
Heap:
 PSYoungGen      total 141312K, used 43875K [0x00000000e0000000, 0x00000000ebc80000, 0x0000000100000000)
  eden space 125952K, 34% used [0x00000000e0000000,0x00000000e2ad8ee8,0x00000000e7b00000)
  from space 15360K, 0% used [0x00000000e7b00000,0x00000000e7b00000,0x00000000e8a00000)
  to   space 19456K, 0% used [0x00000000ea980000,0x00000000ea980000,0x00000000ebc80000)
 ParOldGen       total 90112K, used 39598K [0x00000000a0000000, 0x00000000a5800000, 0x00000000e0000000)
  object space 90112K, 43% used [0x00000000a0000000,0x00000000a26ab9c8,0x00000000a5800000)
 Metaspace       used 59993K, capacity 62036K, committed 62208K, reserved 1103872K
  class space    used 8106K, capacity 8652K, committed 8704K, reserved 1048576K
GC Heap History (10 events):
Event: 20.092 GC heap before
{Heap before GC invocations=12 (full 2):
 PSYoungGen      total 90624K, used 79872K [0x00000000e0000000, 0x00000000e8000000, 0x0000000100000000)
  eden space 79872K, 100% used [0x00000000e0000000,0x00000000e4e00000,0x00000000e4e00000)
  from space 10752K, 0% used [0x00000000e4e00000,0x00000000e4e00000,0x00000000e5880000)
  to   space 10752K, 0% used [0x00000000e7580000,0x00000000e7580000,0x00000000e8000000)
 ParOldGen       total 90112K, used 15999K [0x00000000a0000000, 0x00000000a5800000, 0x00000000e0000000)
  object space 90112K, 17% used [0x00000000a0000000,0x00000000a0f9ffe0,0x00000000a5800000)
 Metaspace       used 39188K, capacity 40106K, committed 40576K, reserved 1083392K
  class space    used 5323K, capacity 5637K, committed 5760K, reserved 1048576K
Event: 20.126 GC heap after
Heap after GC invocations=12 (full 2):
 PSYoungGen      total 110080K, used 7934K [0x00000000e0000000, 0x00000000e7d80000, 0x0000000100000000)
  eden space 101888K, 0% used [0x00000000e0000000,0x00000000e0000000,0x00000000e6380000)
  from space 8192K, 96% used [0x00000000e7580000,0x00000000e7d3fbb8,0x00000000e7d80000)
  to   space 11264K, 0% used [0x00000000e6780000,0x00000000e6780000,0x00000000e7280000)
 ParOldGen       total 90112K, used 16007K [0x00000000a0000000, 0x00000000a5800000, 0x00000000e0000000)
  object space 90112K, 17% used [0x00000000a0000000,0x00000000a0fa1fe0,0x00000000a5800000)
 Metaspace       used 39188K, capacity 40106K, committed 40576K, reserved 1083392K
  class space    used 5323K, capacity 5637K, committed 5760K, reserved 1048576K
}
Event: 24.566 GC heap before
{Heap before GC invocations=13 (full 2):
 PSYoungGen      total 110080K, used 109822K [0x00000000e0000000, 0x00000000e7d80000, 0x0000000100000000)
  eden space 101888K, 100% used [0x00000000e0000000,0x00000000e6380000,0x00000000e6380000)
  from space 8192K, 96% used [0x00000000e7580000,0x00000000e7d3fbb8,0x00000000e7d80000)
  to   space 11264K, 0% used [0x00000000e6780000,0x00000000e6780000,0x00000000e7280000)
 ParOldGen       total 90112K, used 16007K [0x00000000a0000000, 0x00000000a5800000, 0x00000000e0000000)
  object space 90112K, 17% used [0x00000000a0000000,0x00000000a0fa1fe0,0x00000000a5800000)
 Metaspace       used 46722K, capacity 47950K, committed 48256K, reserved 1091584K
  class space    used 6354K, capacity 6741K, committed 6784K, reserved 1048576K
Event: 24.589 GC heap after
Heap after GC invocations=13 (full 2):
 PSYoungGen      total 117248K, used 11248K [0x00000000e0000000, 0x00000000e9780000, 0x0000000100000000)
  eden space 105984K, 0% used [0x00000000e0000000,0x00000000e0000000,0x00000000e6780000)
  from space 11264K, 99% used [0x00000000e6780000,0x00000000e727c158,0x00000000e7280000)
  to   space 13824K, 0% used [0x00000000e8a00000,0x00000000e8a00000,0x00000000e9780000)
 ParOldGen       total 90112K, used 20080K [0x00000000a0000000, 0x00000000a5800000, 0x00000000e0000000)
  object space 90112K, 22% used [0x00000000a0000000,0x00000000a139c2a8,0x00000000a5800000)
 Metaspace       used 46722K, capacity 47950K, committed 48256K, reserved 1091584K
  class space    used 6354K, capacity 6741K, committed 6784K, reserved 1048576K
}
Event: 30.410 GC heap before
{Heap before GC invocations=14 (full 2):
 PSYoungGen      total 117248K, used 117232K [0x00000000e0000000, 0x00000000e9780000, 0x0000000100000000)
  eden space 105984K, 100% used [0x00000000e0000000,0x00000000e6780000,0x00000000e6780000)
  from space 11264K, 99% used [0x00000000e6780000,0x00000000e727c158,0x00000000e7280000)
  to   space 13824K, 0% used [0x00000000e8a00000,0x00000000e8a00000,0x00000000e9780000)
 ParOldGen       total 90112K, used 20080K [0x00000000a0000000, 0x00000000a5800000, 0x00000000e0000000)
  object space 90112K, 22% used [0x00000000a0000000,0x00000000a139c2a8,0x00000000a5800000)
 Metaspace       used 51600K, capacity 53398K, committed 53632K, reserved 1095680K
  class space    used 7035K, capacity 7473K, committed 7552K, reserved 1048576K
Event: 30.439 GC heap after
Heap after GC invocations=14 (full 2):
 PSYoungGen      total 139776K, used 13053K [0x00000000e0000000, 0x00000000e9d00000, 0x0000000100000000)
  eden space 125952K, 0% used [0x00000000e0000000,0x00000000e0000000,0x00000000e7b00000)
  from space 13824K, 94% used [0x00000000e8a00000,0x00000000e96bf758,0x00000000e9780000)
  to   space 15360K, 0% used [0x00000000e7b00000,0x00000000e7b00000,0x00000000e8a00000)
 ParOldGen       total 90112K, used 25289K [0x00000000a0000000, 0x00000000a5800000, 0x00000000e0000000)
  object space 90112K, 28% used [0x00000000a0000000,0x00000000a18b2400,0x00000000a5800000)
 Metaspace       used 51600K, capacity 53398K, committed 53632K, reserved 1095680K
  class space    used 7035K, capacity 7473K, committed 7552K, reserved 1048576K
}
Event: 37.346 GC heap before
{Heap before GC invocations=15 (full 2):
 PSYoungGen      total 139776K, used 119492K [0x00000000e0000000, 0x00000000e9d00000, 0x0000000100000000)
  eden space 125952K, 84% used [0x00000000e0000000,0x00000000e67f1a18,0x00000000e7b00000)
  from space 13824K, 94% used [0x00000000e8a00000,0x00000000e96bf758,0x00000000e9780000)
  to   space 15360K, 0% used [0x00000000e7b00000,0x00000000e7b00000,0x00000000e8a00000)
 ParOldGen       total 90112K, used 25289K [0x00000000a0000000, 0x00000000a5800000, 0x00000000e0000000)
  object space 90112K, 28% used [0x00000000a0000000,0x00000000a18b2400,0x00000000a5800000)
 Metaspace       used 56783K, capacity 58868K, committed 59008K, reserved 1099776K
  class space    used 7745K, capacity 8300K, committed 8320K, reserved 1048576K
Event: 37.417 GC heap after
Heap after GC invocations=15 (full 2):
 PSYoungGen      total 141312K, used 15333K [0x00000000e0000000, 0x00000000ebc80000, 0x0000000100000000)
  eden space 125952K, 0% used [0x00000000e0000000,0x00000000e0000000,0x00000000e7b00000)
  from space 15360K, 99% used [0x00000000e7b00000,0x00000000e89f9458,0x00000000e8a00000)
  to   space 19456K, 0% used [0x00000000ea980000,0x00000000ea980000,0x00000000ebc80000)
 ParOldGen       total 90112K, used 31118K [0x00000000a0000000, 0x00000000a5800000, 0x00000000e0000000)
  object space 90112K, 34% used [0x00000000a0000000,0x00000000a1e639d8,0x00000000a5800000)
 Metaspace       used 56783K, capacity 58868K, committed 59008K, reserved 1099776K
  class space    used 7745K, capacity 8300K, committed 8320K, reserved 1048576K
}
Event: 37.417 GC heap before
{Heap before GC invocations=16 (full 3):
 PSYoungGen      total 141312K, used 15333K [0x00000000e0000000, 0x00000000ebc80000, 0x0000000100000000)
  eden space 125952K, 0% used [0x00000000e0000000,0x00000000e0000000,0x00000000e7b00000)
  from space 15360K, 99% used [0x00000000e7b00000,0x00000000e89f9458,0x00000000e8a00000)
  to   space 19456K, 0% used [0x00000000ea980000,0x00000000ea980000,0x00000000ebc80000)
 ParOldGen       total 90112K, used 31118K [0x00000000a0000000, 0x00000000a5800000, 0x00000000e0000000)
  object space 90112K, 34% used [0x00000000a0000000,0x00000000a1e639d8,0x00000000a5800000)
 Metaspace       used 56783K, capacity 58868K, committed 59008K, reserved 1099776K
  class space    used 7745K, capacity 8300K, committed 8320K, reserved 1048576K
Event: 38.203 GC heap after
Heap after GC invocations=16 (full 3):
 PSYoungGen      total 141312K, used 0K [0x00000000e0000000, 0x00000000ebc80000, 0x0000000100000000)
  eden space 125952K, 0% used [0x00000000e0000000,0x00000000e0000000,0x00000000e7b00000)
  from space 15360K, 0% used [0x00000000e7b00000,0x00000000e7b00000,0x00000000e8a00000)
  to   space 19456K, 0% used [0x00000000ea980000,0x00000000ea980000,0x00000000ebc80000)
 ParOldGen       total 90112K, used 39598K [0x00000000a0000000, 0x00000000a5800000, 0x00000000e0000000)
  object space 90112K, 43% used [0x00000000a0000000,0x00000000a26ab9c8,0x00000000a5800000)
 Metaspace       used 56783K, capacity 58868K, committed 59008K, reserved 1099776K
  class space    used 7745K, capacity 8300K, committed 8320K, reserved 1048576K
}

