# JRE version: OpenJDK Runtime Environment (8.0_152-b01) (build 1.8.0_152-release-1248-b01)
# Java VM: OpenJDK 64-Bit Server VM (25.152-b01 mixed mode windows-amd64 compressed oops)
Heap:
 PSYoungGen      total 125952K, used 28423K [0x00000000e0000000, 0x00000000eab00000, 0x0000000100000000)
  eden space 109568K, 11% used [0x00000000e0000000,0x00000000e0bc63e0,0x00000000e6b00000)
  from space 16384K, 99% used [0x00000000e6b00000,0x00000000e7afb930,0x00000000e7b00000)
  to   space 20992K, 0% used [0x00000000e9680000,0x00000000e9680000,0x00000000eab00000)
 ParOldGen       total 90624K, used 29376K [0x00000000a0000000, 0x00000000a5880000, 0x00000000e0000000)
  object space 90624K, 32% used [0x00000000a0000000,0x00000000a1cb0120,0x00000000a5880000)
 Metaspace       used 56149K, capacity 58228K, committed 58368K, reserved 1099776K
  class space    used 7657K, capacity 8172K, committed 8192K, reserved 1048576K
GC Heap History (10 events):
Event: 14.344 GC heap before
{Heap before GC invocations=11 (full 2):
 PSYoungGen      total 83456K, used 9178K [0x00000000e0000000, 0x00000000e7280000, 0x0000000100000000)
  eden space 72704K, 0% used [0x00000000e0000000,0x00000000e0000000,0x00000000e4700000)
  from space 10752K, 85% used [0x00000000e4700000,0x00000000e4ff6a00,0x00000000e5180000)
  to   space 11776K, 0% used [0x00000000e6700000,0x00000000e6700000,0x00000000e7280000)
 ParOldGen       total 58880K, used 8765K [0x00000000a0000000, 0x00000000a3980000, 0x00000000e0000000)
  object space 58880K, 14% used [0x00000000a0000000,0x00000000a088f528,0x00000000a3980000)
 Metaspace       used 34460K, capacity 35244K, committed 35416K, reserved 1079296K
  class space    used 4755K, capacity 5026K, committed 5120K, reserved 1048576K
Event: 14.547 GC heap after
Heap after GC invocations=11 (full 2):
 PSYoungGen      total 83456K, used 0K [0x00000000e0000000, 0x00000000e7280000, 0x0000000100000000)
  eden space 72704K, 0% used [0x00000000e0000000,0x00000000e0000000,0x00000000e4700000)
  from space 10752K, 0% used [0x00000000e4700000,0x00000000e4700000,0x00000000e5180000)
  to   space 11776K, 0% used [0x00000000e6700000,0x00000000e6700000,0x00000000e7280000)
 ParOldGen       total 90624K, used 15905K [0x00000000a0000000, 0x00000000a5880000, 0x00000000e0000000)
  object space 90624K, 17% used [0x00000000a0000000,0x00000000a0f88630,0x00000000a5880000)
 Metaspace       used 34460K, capacity 35244K, committed 35416K, reserved 1079296K
  class space    used 4755K, capacity 5026K, committed 5120K, reserved 1048576K
}
Event: 19.621 GC heap before
{Heap before GC invocations=12 (full 2):
 PSYoungGen      total 83456K, used 72704K [0x00000000e0000000, 0x00000000e7280000, 0x0000000100000000)
  eden space 72704K, 100% used [0x00000000e0000000,0x00000000e4700000,0x00000000e4700000)
  from space 10752K, 0% used [0x00000000e4700000,0x00000000e4700000,0x00000000e5180000)
  to   space 11776K, 0% used [0x00000000e6700000,0x00000000e6700000,0x00000000e7280000)
 ParOldGen       total 90624K, used 15905K [0x00000000a0000000, 0x00000000a5880000, 0x00000000e0000000)
  object space 90624K, 17% used [0x00000000a0000000,0x00000000a0f88630,0x00000000a5880000)
 Metaspace       used 38611K, capacity 39480K, committed 39680K, reserved 1083392K
  class space    used 5257K, capacity 5562K, committed 5632K, reserved 1048576K
Event: 19.666 GC heap after
Heap after GC invocations=12 (full 2):
 PSYoungGen      total 99328K, used 7043K [0x00000000e0000000, 0x00000000e6f00000, 0x0000000100000000)
  eden space 91136K, 0% used [0x00000000e0000000,0x00000000e0000000,0x00000000e5900000)
  from space 8192K, 85% used [0x00000000e6700000,0x00000000e6de0d00,0x00000000e6f00000)
  to   space 11264K, 0% used [0x00000000e5900000,0x00000000e5900000,0x00000000e6400000)
 ParOldGen       total 90624K, used 15913K [0x00000000a0000000, 0x00000000a5880000, 0x00000000e0000000)
  object space 90624K, 17% used [0x00000000a0000000,0x00000000a0f8a630,0x00000000a5880000)
 Metaspace       used 38611K, capacity 39480K, committed 39680K, reserved 1083392K
  class space    used 5257K, capacity 5562K, committed 5632K, reserved 1048576K
}
Event: 24.330 GC heap before
{Heap before GC invocations=13 (full 2):
 PSYoungGen      total 99328K, used 98179K [0x00000000e0000000, 0x00000000e6f00000, 0x0000000100000000)
  eden space 91136K, 100% used [0x00000000e0000000,0x00000000e5900000,0x00000000e5900000)
  from space 8192K, 85% used [0x00000000e6700000,0x00000000e6de0d00,0x00000000e6f00000)
  to   space 11264K, 0% used [0x00000000e5900000,0x00000000e5900000,0x00000000e6400000)
 ParOldGen       total 90624K, used 15913K [0x00000000a0000000, 0x00000000a5880000, 0x00000000e0000000)
  object space 90624K, 17% used [0x00000000a0000000,0x00000000a0f8a630,0x00000000a5880000)
 Metaspace       used 46596K, capacity 47814K, committed 48000K, reserved 1091584K
  class space    used 6349K, capacity 6729K, committed 6784K, reserved 1048576K
Event: 24.367 GC heap after
Heap after GC invocations=13 (full 2):
 PSYoungGen      total 102400K, used 11245K [0x00000000e0000000, 0x00000000e8880000, 0x0000000100000000)
  eden space 91136K, 0% used [0x00000000e0000000,0x00000000e0000000,0x00000000e5900000)
  from space 11264K, 99% used [0x00000000e5900000,0x00000000e63fb728,0x00000000e6400000)
  to   space 13824K, 0% used [0x00000000e7b00000,0x00000000e7b00000,0x00000000e8880000)
 ParOldGen       total 90624K, used 19512K [0x00000000a0000000, 0x00000000a5880000, 0x00000000e0000000)
  object space 90624K, 21% used [0x00000000a0000000,0x00000000a130e280,0x00000000a5880000)
 Metaspace       used 46596K, capacity 47814K, committed 48000K, reserved 1091584K
  class space    used 6349K, capacity 6729K, committed 6784K, reserved 1048576K
}
Event: 27.341 GC heap before
{Heap before GC invocations=14 (full 2):
 PSYoungGen      total 102400K, used 102381K [0x00000000e0000000, 0x00000000e8880000, 0x0000000100000000)
  eden space 91136K, 100% used [0x00000000e0000000,0x00000000e5900000,0x00000000e5900000)
  from space 11264K, 99% used [0x00000000e5900000,0x00000000e63fb728,0x00000000e6400000)
  to   space 13824K, 0% used [0x00000000e7b00000,0x00000000e7b00000,0x00000000e8880000)
 ParOldGen       total 90624K, used 19512K [0x00000000a0000000, 0x00000000a5880000, 0x00000000e0000000)
  object space 90624K, 21% used [0x00000000a0000000,0x00000000a130e280,0x00000000a5880000)
 Metaspace       used 50127K, capacity 51686K, committed 51840K, reserved 1093632K
  class space    used 6802K, capacity 7223K, committed 7296K, reserved 1048576K
Event: 27.390 GC heap after
Heap after GC invocations=14 (full 2):
 PSYoungGen      total 123392K, used 13804K [0x00000000e0000000, 0x00000000e8d80000, 0x0000000100000000)
  eden space 109568K, 0% used [0x00000000e0000000,0x00000000e0000000,0x00000000e6b00000)
  from space 13824K, 99% used [0x00000000e7b00000,0x00000000e887b2f8,0x00000000e8880000)
  to   space 16384K, 0% used [0x00000000e6b00000,0x00000000e6b00000,0x00000000e7b00000)
 ParOldGen       total 90624K, used 21918K [0x00000000a0000000, 0x00000000a5880000, 0x00000000e0000000)
  object space 90624K, 24% used [0x00000000a0000000,0x00000000a1567a88,0x00000000a5880000)
 Metaspace       used 50127K, capacity 51686K, committed 51840K, reserved 1093632K
  class space    used 6802K, capacity 7223K, committed 7296K, reserved 1048576K
}
Event: 37.989 GC heap before
{Heap before GC invocations=15 (full 2):
 PSYoungGen      total 123392K, used 123372K [0x00000000e0000000, 0x00000000e8d80000, 0x0000000100000000)
  eden space 109568K, 100% used [0x00000000e0000000,0x00000000e6b00000,0x00000000e6b00000)
  from space 13824K, 99% used [0x00000000e7b00000,0x00000000e887b2f8,0x00000000e8880000)
  to   space 16384K, 0% used [0x00000000e6b00000,0x00000000e6b00000,0x00000000e7b00000)
 ParOldGen       total 90624K, used 21918K [0x00000000a0000000, 0x00000000a5880000, 0x00000000e0000000)
  object space 90624K, 24% used [0x00000000a0000000,0x00000000a1567a88,0x00000000a5880000)
 Metaspace       used 55258K, capacity 57328K, committed 57472K, reserved 1099776K
  class space    used 7525K, capacity 8040K, committed 8064K, reserved 1048576K
Event: 38.077 GC heap after
Heap after GC invocations=15 (full 2):
 PSYoungGen      total 125952K, used 16366K [0x00000000e0000000, 0x00000000eab00000, 0x0000000100000000)
  eden space 109568K, 0% used [0x00000000e0000000,0x00000000e0000000,0x00000000e6b00000)
  from space 16384K, 99% used [0x00000000e6b00000,0x00000000e7afb930,0x00000000e7b00000)
  to   space 20992K, 0% used [0x00000000e9680000,0x00000000e9680000,0x00000000eab00000)
 ParOldGen       total 90624K, used 29376K [0x00000000a0000000, 0x00000000a5880000, 0x00000000e0000000)
  object space 90624K, 32% used [0x00000000a0000000,0x00000000a1cb0120,0x00000000a5880000)
 Metaspace       used 55258K, capacity 57328K, committed 57472K, reserved 1099776K
  class space    used 7525K, capacity 8040K, committed 8064K, reserved 1048576K
}

